INFO [2019-05-09 15:37:20] [[1]]
INFO [2019-05-09 15:37:20] list(Budesonide = rownames(hasm_de_c3), Budesonide_Gs = rownames(hasm_de_c4), 
INFO [2019-05-09 15:37:20]     Himes_et_al = pr_dge$Gene)
INFO [2019-05-09 15:37:20] 
INFO [2019-05-09 15:37:20] $filename
INFO [2019-05-09 15:37:20] NULL
INFO [2019-05-09 15:37:20] 
INFO [2019-05-09 15:37:20] $col
INFO [2019-05-09 15:37:20] [1] "transparent"
INFO [2019-05-09 15:37:20] 
INFO [2019-05-09 15:37:20] $fill
INFO [2019-05-09 15:37:20] c("cornflowerblue", "green", "yellow")
INFO [2019-05-09 15:37:20] 
INFO [2019-05-09 15:37:20] $alpha
INFO [2019-05-09 15:37:20] [1] 0.2
INFO [2019-05-09 15:37:20] 
INFO [2019-05-09 15:37:20] $cex
INFO [2019-05-09 15:37:20] [1] 2.5
INFO [2019-05-09 15:37:20] 
INFO [2019-05-09 15:37:20] $cat.cex
INFO [2019-05-09 15:37:20] [1] 2.5
INFO [2019-05-09 15:37:20] 
INFO [2019-05-09 15:37:20] $cat.pos
INFO [2019-05-09 15:37:20] c(-15, 15, 30)
INFO [2019-05-09 15:37:20] 
