INFO [2019-05-09 15:38:39] [[1]]
INFO [2019-05-09 15:38:39] list(Budesonide = rownames(hasm_de_c3), Budesonide_Gs = rownames(hasm_de_c4), 
INFO [2019-05-09 15:38:39]     Himes_et_al = pr_dge$Gene)
INFO [2019-05-09 15:38:39] 
INFO [2019-05-09 15:38:39] $filename
INFO [2019-05-09 15:38:39] NULL
INFO [2019-05-09 15:38:39] 
INFO [2019-05-09 15:38:39] $col
INFO [2019-05-09 15:38:39] [1] "transparent"
INFO [2019-05-09 15:38:39] 
INFO [2019-05-09 15:38:39] $fill
INFO [2019-05-09 15:38:39] c("cornflowerblue", "green", "yellow")
INFO [2019-05-09 15:38:39] 
INFO [2019-05-09 15:38:39] $alpha
INFO [2019-05-09 15:38:39] [1] 0.2
INFO [2019-05-09 15:38:39] 
INFO [2019-05-09 15:38:39] $cex
INFO [2019-05-09 15:38:39] [1] 2.5
INFO [2019-05-09 15:38:39] 
INFO [2019-05-09 15:38:39] $cat.cex
INFO [2019-05-09 15:38:39] [1] 2.5
INFO [2019-05-09 15:38:39] 
INFO [2019-05-09 15:38:39] $cat.pos
INFO [2019-05-09 15:38:39] c(-15, 15, 30)
INFO [2019-05-09 15:38:39] 
