INFO [2019-05-09 15:50:25] [[1]]
INFO [2019-05-09 15:50:25] list(Budesonide = rownames(hasm_de_c3), Budesonide_Gs = rownames(hasm_de_c4), 
INFO [2019-05-09 15:50:25]     Himes_et_al = pr_dge$Gene)
INFO [2019-05-09 15:50:25] 
INFO [2019-05-09 15:50:25] $filename
INFO [2019-05-09 15:50:25] NULL
INFO [2019-05-09 15:50:25] 
INFO [2019-05-09 15:50:25] $col
INFO [2019-05-09 15:50:25] [1] "transparent"
INFO [2019-05-09 15:50:25] 
INFO [2019-05-09 15:50:25] $fill
INFO [2019-05-09 15:50:25] c("cornflowerblue", "green", "yellow")
INFO [2019-05-09 15:50:25] 
INFO [2019-05-09 15:50:25] $alpha
INFO [2019-05-09 15:50:25] [1] 0.2
INFO [2019-05-09 15:50:25] 
INFO [2019-05-09 15:50:25] $cex
INFO [2019-05-09 15:50:25] [1] 2.5
INFO [2019-05-09 15:50:25] 
INFO [2019-05-09 15:50:25] $cat.cex
INFO [2019-05-09 15:50:25] [1] 2.5
INFO [2019-05-09 15:50:25] 
INFO [2019-05-09 15:50:25] $cat.pos
INFO [2019-05-09 15:50:25] c(-15, 15, 30)
INFO [2019-05-09 15:50:25] 
