INFO [2019-05-09 15:49:38] [[1]]
INFO [2019-05-09 15:49:38] list(Budesonide = rownames(hasm_de_c3), Budesonide_Gs = rownames(hasm_de_c4), 
INFO [2019-05-09 15:49:38]     Himes_et_al = pr_dge$Gene)
INFO [2019-05-09 15:49:38] 
INFO [2019-05-09 15:49:38] $filename
INFO [2019-05-09 15:49:38] NULL
INFO [2019-05-09 15:49:38] 
INFO [2019-05-09 15:49:38] $col
INFO [2019-05-09 15:49:38] [1] "transparent"
INFO [2019-05-09 15:49:38] 
INFO [2019-05-09 15:49:38] $fill
INFO [2019-05-09 15:49:38] c("cornflowerblue", "green", "yellow")
INFO [2019-05-09 15:49:38] 
INFO [2019-05-09 15:49:38] $alpha
INFO [2019-05-09 15:49:38] [1] 0.2
INFO [2019-05-09 15:49:38] 
INFO [2019-05-09 15:49:38] $cex
INFO [2019-05-09 15:49:38] [1] 2.5
INFO [2019-05-09 15:49:38] 
INFO [2019-05-09 15:49:38] $cat.cex
INFO [2019-05-09 15:49:38] [1] 2.5
INFO [2019-05-09 15:49:38] 
INFO [2019-05-09 15:49:38] $cat.pos
INFO [2019-05-09 15:49:38] c(-15, 15, 30)
INFO [2019-05-09 15:49:38] 
